[     233ms] [VERBOSE] [DOM] Input elements should have autocomplete attributes (suggested: "current-password"): (More info: https://goo.gl/9p2vKq) %o @ http://localhost:3000/:0
[     233ms] [VERBOSE] [DOM] Input elements should have autocomplete attributes (suggested: "current-password"): (More info: https://goo.gl/9p2vKq) %o @ http://localhost:3000/:0
[     233ms] [VERBOSE] [DOM] Input elements should have autocomplete attributes (suggested: "new-password"): (More info: https://goo.gl/9p2vKq) %o @ http://localhost:3000/:0
[     233ms] [VERBOSE] [DOM] Input elements should have autocomplete attributes (suggested: "new-password"): (More info: https://goo.gl/9p2vKq) %o @ http://localhost:3000/:0
[     257ms] [INFO] %cDownload the React DevTools for a better development experience: https://react.dev/link/react-devtools font-weight:bold @ http://localhost:3000/_next/static/chunks/node_modules_next_dist_0ifwd0~._.js:2971
[     310ms] [LOG] [HMR] connected @ http://localhost:3000/_next/static/chunks/node_modules_next_dist_0ifwd0~._.js:2971
[     897ms] [WARNING] Image with src "/landing/a-sunday-on-la-grande-jatte.jpg" was detected as the Largest Contentful Paint (LCP). Please add the `loading="eager"` property if this image is above the fold.
Read more: https://nextjs.org/docs/app/api-reference/components/image#loading @ http://localhost:3000/_next/static/chunks/node_modules_next_dist_0ifwd0~._.js:2971
[   83989ms] [LOG] [Fast Refresh] rebuilding @ http://localhost:3000/_next/static/chunks/node_modules_next_dist_0ifwd0~._.js:2971
[   84019ms] [LOG] [Fast Refresh] done in 54ms @ http://localhost:3000/_next/static/chunks/node_modules_next_dist_0ifwd0~._.js:2971
[  105714ms] [LOG] [Fast Refresh] rebuilding @ http://localhost:3000/_next/static/chunks/node_modules_next_dist_0ifwd0~._.js:2971
[  106210ms] [ERROR] ./components/ArtworkModal.tsx:158:1
Unexpected token. Did you mean `{'}'}` or `&rbrace;`?
  156 |     </div>
  157 |   );
> 158 | }
      | ^
  159 |

Parsing ecmascript source code failed

Import traces:
  Client Component Browser:
    ./components/ArtworkModal.tsx [Client Component Browser]
    ./components/ArtworkGallery.tsx [Client Component Browser]
    ./components/ArtworkGallery.tsx [Server Component]
    ./components/Dashboard.tsx [Server Component]
    ./app/page.tsx [Server Component]

  Client Component SSR:
    ./components/ArtworkModal.tsx [Client Component SSR]
    ./components/ArtworkGallery.tsx [Client Component SSR]
    ./components/ArtworkGallery.tsx [Server Component]
    ./components/Dashboard.tsx [Server Component]
    ./app/page.tsx [Server Component] @ http://localhost:3000/_next/static/chunks/node_modules_next_dist_0ifwd0~._.js:3812
[  106223ms] [ERROR] Failed to load resource: the server responded with a status of 500 (Internal Server Error) @ http://localhost:3000/?_rsc=q3mOO9BClNZHexY7:0
[  106339ms] [LOG] [Fast Refresh] rebuilding @ http://localhost:3000/_next/static/chunks/node_modules_next_dist_0ifwd0~._.js:2971
[  106349ms] [ERROR] Failed to load resource: the server responded with a status of 500 (Internal Server Error) @ http://localhost:3000/:0
[  106503ms] [INFO] %cDownload the React DevTools for a better development experience: https://react.dev/link/react-devtools font-weight:bold @ http://localhost:3000/_next/static/chunks/node_modules_react-dom_0bruynb._.js:15305
[  106535ms] Error: ./components/ArtworkModal.tsx:158:1
Unexpected token. Did you mean `{'}'}` or `&rbrace;`?
  156 |     </div>
  157 |   );
> 158 | }
      | ^
  159 |

Parsing ecmascript source code failed

Import traces:
  Client Component Browser:
    ./components/ArtworkModal.tsx [Client Component Browser]
    ./components/ArtworkGallery.tsx [Client Component Browser]
    ./components/ArtworkGallery.tsx [Server Component]
    ./components/Dashboard.tsx [Server Component]
    ./app/page.tsx [Server Component]

  Client Component SSR:
    ./components/ArtworkModal.tsx [Client Component SSR]
    ./components/ArtworkGallery.tsx [Client Component SSR]
    ./components/ArtworkGallery.tsx [Server Component]
    ./components/Dashboard.tsx [Server Component]
    ./app/page.tsx [Server Component]


    at <unknown> (Error: ./components/ArtworkModal.tsx:158:1)
    at Object.getCompilationErrors (file:///Users/gloriad/Documents/Projects/museum-collage/node_modules/next/dist/server/dev/hot-reloader-turbopack.js:1186:59)
    at DevBundlerService.getCompilationError (file:///Users/gloriad/Documents/Projects/museum-collage/node_modules/next/dist/server/lib/dev-bundler-service.js:44:55)
    at DevServer.getCompilationError (file:///Users/gloriad/Documents/Projects/museum-collage/node_modules/next/dist/server/dev/next-dev-server.js:720:42)
    at DevServer.findPageComponents (file:///Users/gloriad/Documents/Projects/museum-collage/node_modules/next/dist/server/dev/next-dev-server.js:690:43)
    at async DevServer.renderErrorToResponseImpl (file:///Users/gloriad/Documents/Projects/museum-collage/node_modules/next/dist/server/base-server.js:1753:26)
[  106550ms] [LOG] [HMR] connected @ http://localhost:3000/_next/static/chunks/node_modules_next_dist_0u_w_5s._.js:1226
[  106558ms] [ERROR] ./components/ArtworkModal.tsx:158:1
Unexpected token. Did you mean `{'}'}` or `&rbrace;`?
  156 |     </div>
  157 |   );
> 158 | }
      | ^
  159 |

Parsing ecmascript source code failed

Import traces:
  Client Component Browser:
    ./components/ArtworkModal.tsx [Client Component Browser]
    ./components/ArtworkGallery.tsx [Client Component Browser]
    ./components/ArtworkGallery.tsx [Server Component]
    ./components/Dashboard.tsx [Server Component]
    ./app/page.tsx [Server Component]

  Client Component SSR:
    ./components/ArtworkModal.tsx [Client Component SSR]
    ./components/ArtworkGallery.tsx [Client Component SSR]
    ./components/ArtworkGallery.tsx [Server Component]
    ./components/Dashboard.tsx [Server Component]
    ./app/page.tsx [Server Component] @ http://localhost:3000/_next/static/chunks/node_modules_next_dist_0u_w_5s._.js:1945
[  106605ms] [ERROR] ./components/ArtworkModal.tsx:158:1
Unexpected token. Did you mean `{'}'}` or `&rbrace;`?
  156 |     </div>
  157 |   );
> 158 | }
      | ^
  159 |

Parsing ecmascript source code failed

Import traces:
  Client Component Browser:
    ./components/ArtworkModal.tsx [Client Component Browser]
    ./components/ArtworkGallery.tsx [Client Component Browser]
    ./components/ArtworkGallery.tsx [Server Component]
    ./components/Dashboard.tsx [Server Component]
    ./app/page.tsx [Server Component]

  Client Component SSR:
    ./components/ArtworkModal.tsx [Client Component SSR]
    ./components/ArtworkGallery.tsx [Client Component SSR]
    ./components/ArtworkGallery.tsx [Server Component]
    ./components/Dashboard.tsx [Server Component]
    ./app/page.tsx [Server Component] @ http://localhost:3000/_next/static/chunks/node_modules_next_dist_0u_w_5s._.js:1945
[  114441ms] [LOG] [Fast Refresh] rebuilding @ http://localhost:3000/_next/static/chunks/node_modules_next_dist_0u_w_5s._.js:1226
[  114633ms] [LOG] [Fast Refresh] done in 31ms @ http://localhost:3000/_next/static/chunks/node_modules_next_dist_0u_w_5s._.js:1226
[  114904ms] [INFO] %cDownload the React DevTools for a better development experience: https://react.dev/link/react-devtools font-weight:bold @ http://localhost:3000/_next/static/chunks/node_modules_next_dist_0ifwd0~._.js:2971
[  114922ms] [LOG] [HMR] connected @ http://localhost:3000/_next/static/chunks/node_modules_next_dist_0ifwd0~._.js:2971
[  118521ms] [WARNING] The resource http://localhost:3000/_next/static/media/797e433ab948586e-s.p.09zddjkbdep5a.woff2 was preloaded using link preload but not used within a few seconds from the window's load event. Please make sure it has an appropriate `as` value and it is preloaded intentionally. @ http://localhost:3000/:0
[  118521ms] [WARNING] The resource http://localhost:3000/_next/static/media/caa3a2e1cccd8315-s.p.09~u27dqhyhd6.woff2 was preloaded using link preload but not used within a few seconds from the window's load event. Please make sure it has an appropriate `as` value and it is preloaded intentionally. @ http://localhost:3000/:0
